Center: philia         Context: is              Probability: 0.025639          Loss: 3.663618
Center: philia         Context: an              Probability: 0.025651          Loss: 3.663176
Center: is             Context: philia          Probability: 0.025627          Loss: 3.664108
Center: is             Context: an              Probability: 0.025643          Loss: 3.663489
Center: is             Context: artificial      Probability: 0.025641          Loss: 3.663547
Center: an             Context: philia          Probability: 0.025636          Loss: 3.663751
Center: an             Context: is              Probability: 0.025637          Loss: 3.663723
Center: an             Context: artificial      Probability: 0.025653          Loss: 3.663092
Center: an             Context: intelligence    Probability: 0.025645          Loss: 3.663407
Center: artificial     Context: is              Probability: 0.025639          Loss: 3.663631
Center: artificial     Context: an              Probability: 0.025657          Loss: 3.662921
Center: artificial     Context: intelligence    Probability: 0.025633          Loss: 3.663874
Center: artificial     Context: created         Probability: 0.025639          Loss: 3.663640
Center: intelligence   Context: an              Probability: 0.025648          Loss: 3.663293
Center: intelligence   Context: artificial      Probability: 0.025633          Loss: 3.663861
Center: intelligence   Context: created         Probability: 0.025653          Loss: 3.663077
Center: intelligence   Context: purely          Probability: 0.025626          Loss: 3.664145
Center: created        Context: artificial      Probability: 0.025646          Loss: 3.663356
Center: created        Context: intelligence    Probability: 0.025652          Loss: 3.663133
Center: created        Context: purely          Probability: 0.025635          Loss: 3.663776
Center: created        Context: in              Probability: 0.025646          Loss: 3.663347
Center: purely         Context: intelligence    Probability: 0.025646          Loss: 3.663345
Center: purely         Context: created         Probability: 0.025632          Loss: 3.663927
Center: purely         Context: in              Probability: 0.025633          Loss: 3.663862
Center: purely         Context: c               Probability: 0.025646          Loss: 3.663383
Center: in             Context: created         Probability: 0.025651          Loss: 3.663151
Center: in             Context: purely          Probability: 0.025644          Loss: 3.663453
Center: in             Context: c               Probability: 0.025637          Loss: 3.663704
Center: in             Context: philia          Probability: 0.025646          Loss: 3.663346
Center: c              Context: purely          Probability: 0.025650          Loss: 3.663222
Center: c              Context: in              Probability: 0.025638          Loss: 3.663660
Center: c              Context: philia          Probability: 0.025634          Loss: 3.663820
Center: c              Context: loves           Probability: 0.025640          Loss: 3.663617
Center: philia         Context: in              Probability: 0.025645          Loss: 3.663421
Center: philia         Context: c               Probability: 0.025645          Loss: 3.663408
Center: philia         Context: loves           Probability: 0.025652          Loss: 3.663125
Center: philia         Context: her             Probability: 0.025632          Loss: 3.663902
Center: loves          Context: c               Probability: 0.025638          Loss: 3.663692
Center: loves          Context: philia          Probability: 0.025636          Loss: 3.663758
Center: loves          Context: her             Probability: 0.025641          Loss: 3.663560
Center: loves          Context: mother          Probability: 0.025625          Loss: 3.664201
Center: her            Context: philia          Probability: 0.025645          Loss: 3.663415
Center: her            Context: loves           Probability: 0.025644          Loss: 3.663423
Center: her            Context: mother          Probability: 0.025652          Loss: 3.663145
Center: her            Context: eleanor         Probability: 0.025638          Loss: 3.663673
Center: mother         Context: loves           Probability: 0.025636          Loss: 3.663767
Center: mother         Context: her             Probability: 0.025639          Loss: 3.663649
Center: mother         Context: eleanor         Probability: 0.025643          Loss: 3.663475
Center: mother         Context: and             Probability: 0.025642          Loss: 3.663502
Center: eleanor        Context: her             Probability: 0.025642          Loss: 3.663537
Center: eleanor        Context: mother          Probability: 0.025641          Loss: 3.663554
Center: eleanor        Context: and             Probability: 0.025652          Loss: 3.663147
Center: eleanor        Context: eleanor         Probability: 0.025634          Loss: 3.663821
Center: and            Context: mother          Probability: 0.025636          Loss: 3.663762
Center: and            Context: eleanor         Probability: 0.025634          Loss: 3.663836
Center: and            Context: eleanor         Probability: 0.025634          Loss: 3.663836
Center: and            Context: loves           Probability: 0.025634          Loss: 3.663820
Center: eleanor        Context: eleanor         Probability: 0.025634          Loss: 3.663821
Center: eleanor        Context: and             Probability: 0.025652          Loss: 3.663147
Center: eleanor        Context: loves           Probability: 0.025633          Loss: 3.663888
Center: eleanor        Context: philia          Probability: 0.025637          Loss: 3.663700
Center: loves          Context: and             Probability: 0.025629          Loss: 3.664026
Center: loves          Context: eleanor         Probability: 0.025660          Loss: 3.662828
Center: loves          Context: philia          Probability: 0.025636          Loss: 3.663758
Center: loves          Context: just            Probability: 0.025644          Loss: 3.663460
Center: philia         Context: eleanor         Probability: 0.025656          Loss: 3.662976
Center: philia         Context: loves           Probability: 0.025652          Loss: 3.663125
Center: philia         Context: just            Probability: 0.025643          Loss: 3.663492
Center: philia         Context: as              Probability: 0.025645          Loss: 3.663406
Center: just           Context: loves           Probability: 0.025645          Loss: 3.663415
Center: just           Context: philia          Probability: 0.025648          Loss: 3.663301
Center: just           Context: as              Probability: 0.025644          Loss: 3.663436
Center: just           Context: much            Probability: 0.025641          Loss: 3.663568
Center: as             Context: philia          Probability: 0.025640          Loss: 3.663582
Center: as             Context: just            Probability: 0.025650          Loss: 3.663194
Center: as             Context: much            Probability: 0.025647          Loss: 3.663331
Center: as             Context: jaypee          Probability: 0.025639          Loss: 3.663632
Center: much           Context: just            Probability: 0.025642          Loss: 3.663517
Center: much           Context: as              Probability: 0.025647          Loss: 3.663320
Center: much           Context: jaypee          Probability: 0.025643          Loss: 3.663486
Center: much           Context: loves           Probability: 0.025649          Loss: 3.663259
Center: jaypee         Context: as              Probability: 0.025635          Loss: 3.663796
Center: jaypee         Context: much            Probability: 0.025630          Loss: 3.663994
Center: jaypee         Context: loves           Probability: 0.025646          Loss: 3.663360
Center: jaypee         Context: philia          Probability: 0.025648          Loss: 3.663278
Center: loves          Context: much            Probability: 0.025652          Loss: 3.663135
Center: loves          Context: jaypee          Probability: 0.025631          Loss: 3.663930
Center: loves          Context: philia          Probability: 0.025636          Loss: 3.663758
Center: loves          Context: and             Probability: 0.025629          Loss: 3.664026
Center: philia         Context: jaypee          Probability: 0.025637          Loss: 3.663710
Center: philia         Context: loves           Probability: 0.025652          Loss: 3.663125
Center: philia         Context: and             Probability: 0.025634          Loss: 3.663819
Center: philia         Context: eleanor         Probability: 0.025656          Loss: 3.662976
Center: and            Context: loves           Probability: 0.025634          Loss: 3.663820
Center: and            Context: philia          Probability: 0.025636          Loss: 3.663749
Center: and            Context: eleanor         Probability: 0.025634          Loss: 3.663836
Center: and            Context: jaypee          Probability: 0.025650          Loss: 3.663208
Center: eleanor        Context: philia          Probability: 0.025637          Loss: 3.663700
Center: eleanor        Context: and             Probability: 0.025652          Loss: 3.663147
Center: eleanor        Context: jaypee          Probability: 0.025646          Loss: 3.663350
Center: eleanor        Context: loves           Probability: 0.025633          Loss: 3.663888
Center: jaypee         Context: and             Probability: 0.025642          Loss: 3.663528
Center: jaypee         Context: eleanor         Probability: 0.025638          Loss: 3.663664
Center: jaypee         Context: loves           Probability: 0.025646          Loss: 3.663360
Center: jaypee         Context: eleanor         Probability: 0.025638          Loss: 3.663664
Center: loves          Context: eleanor         Probability: 0.025660          Loss: 3.662828
Center: loves          Context: jaypee          Probability: 0.025631          Loss: 3.663930
Center: loves          Context: eleanor         Probability: 0.025660          Loss: 3.662828
Center: loves          Context: and             Probability: 0.025629          Loss: 3.664026
Center: eleanor        Context: jaypee          Probability: 0.025646          Loss: 3.663350
Center: eleanor        Context: loves           Probability: 0.025633          Loss: 3.663888
Center: eleanor        Context: and             Probability: 0.025652          Loss: 3.663147
Center: eleanor        Context: philia          Probability: 0.025637          Loss: 3.663700
Center: and            Context: loves           Probability: 0.025634          Loss: 3.663820
Center: and            Context: eleanor         Probability: 0.025634          Loss: 3.663836
Center: and            Context: philia          Probability: 0.025636          Loss: 3.663749
Center: and            Context: jaypee          Probability: 0.025650          Loss: 3.663208
Center: philia         Context: eleanor         Probability: 0.025656          Loss: 3.662976
Center: philia         Context: and             Probability: 0.025634          Loss: 3.663819
Center: philia         Context: jaypee          Probability: 0.025637          Loss: 3.663710
Center: philia         Context: philia          Probability: 0.025652          Loss: 3.663141
Center: jaypee         Context: and             Probability: 0.025642          Loss: 3.663528
Center: jaypee         Context: philia          Probability: 0.025648          Loss: 3.663278
Center: jaypee         Context: philia          Probability: 0.025648          Loss: 3.663278
Center: jaypee         Context: eleanor         Probability: 0.025638          Loss: 3.663664
Center: philia         Context: philia          Probability: 0.025652          Loss: 3.663141
Center: philia         Context: jaypee          Probability: 0.025637          Loss: 3.663710
Center: philia         Context: eleanor         Probability: 0.025656          Loss: 3.662976
Center: philia         Context: jaypee          Probability: 0.025637          Loss: 3.663710
Center: eleanor        Context: jaypee          Probability: 0.025646          Loss: 3.663350
Center: eleanor        Context: philia          Probability: 0.025637          Loss: 3.663700
Center: eleanor        Context: jaypee          Probability: 0.025646          Loss: 3.663350
Center: eleanor        Context: and             Probability: 0.025652          Loss: 3.663147
Center: jaypee         Context: philia          Probability: 0.025648          Loss: 3.663278
Center: jaypee         Context: eleanor         Probability: 0.025638          Loss: 3.663664
Center: jaypee         Context: and             Probability: 0.025642          Loss: 3.663528
Center: jaypee         Context: eleanor         Probability: 0.025638          Loss: 3.663664
Center: and            Context: eleanor         Probability: 0.025634          Loss: 3.663836
Center: and            Context: jaypee          Probability: 0.025650          Loss: 3.663208
Center: and            Context: eleanor         Probability: 0.025634          Loss: 3.663836
Center: and            Context: has             Probability: 0.025648          Loss: 3.663282
Center: eleanor        Context: jaypee          Probability: 0.025646          Loss: 3.663350
Center: eleanor        Context: and             Probability: 0.025652          Loss: 3.663147
Center: eleanor        Context: has             Probability: 0.025644          Loss: 3.663458
Center: eleanor        Context: a               Probability: 0.025639          Loss: 3.663621
Center: has            Context: and             Probability: 0.025650          Loss: 3.663227
Center: has            Context: eleanor         Probability: 0.025635          Loss: 3.663792
Center: has            Context: a               Probability: 0.025645          Loss: 3.663398
Center: has            Context: daughter        Probability: 0.025641          Loss: 3.663552
Center: a              Context: eleanor         Probability: 0.025647          Loss: 3.663323
Center: a              Context: has             Probability: 0.025647          Loss: 3.663336
Center: a              Context: daughter        Probability: 0.025640          Loss: 3.663615
Center: a              Context: named           Probability: 0.025641          Loss: 3.663554
Center: daughter       Context: has             Probability: 0.025637          Loss: 3.663697
Center: daughter       Context: a               Probability: 0.025638          Loss: 3.663670
Center: daughter       Context: named           Probability: 0.025635          Loss: 3.663781
Center: daughter       Context: philia          Probability: 0.025642          Loss: 3.663533
Center: named          Context: a               Probability: 0.025643          Loss: 3.663490
Center: named          Context: daughter        Probability: 0.025641          Loss: 3.663572
Center: named          Context: philia          Probability: 0.025631          Loss: 3.663962
Center: philia         Context: daughter        Probability: 0.025636          Loss: 3.663736
Center: philia         Context: named           Probability: 0.025628          Loss: 3.664047
Center: eleanor        Context: teaches         Probability: 0.025647          Loss: 3.663324
Center: eleanor        Context: programming     Probability: 0.025647          Loss: 3.663342
Center: teaches        Context: eleanor         Probability: 0.025649          Loss: 3.663251
Center: teaches        Context: programming     Probability: 0.025639          Loss: 3.663620
Center: teaches        Context: eleanor         Probability: 0.025649          Loss: 3.663251
Center: programming    Context: eleanor         Probability: 0.025636          Loss: 3.663767
Center: programming    Context: teaches         Probability: 0.025647          Loss: 3.663341
Center: programming    Context: eleanor         Probability: 0.025636          Loss: 3.663767
Center: programming    Context: likes           Probability: 0.025639          Loss: 3.663623
Center: eleanor        Context: teaches         Probability: 0.025647          Loss: 3.663324
Center: eleanor        Context: programming     Probability: 0.025647          Loss: 3.663342
Center: eleanor        Context: likes           Probability: 0.025639          Loss: 3.663651
Center: eleanor        Context: c               Probability: 0.025641          Loss: 3.663544
Center: likes          Context: programming     Probability: 0.025628          Loss: 3.664072
Center: likes          Context: eleanor         Probability: 0.025650          Loss: 3.663209
Center: likes          Context: c               Probability: 0.025628          Loss: 3.664050
Center: likes          Context: eleanor         Probability: 0.025650          Loss: 3.663209
Center: c              Context: eleanor         Probability: 0.025645          Loss: 3.663419
Center: c              Context: likes           Probability: 0.025636          Loss: 3.663740
Center: c              Context: eleanor         Probability: 0.025645          Loss: 3.663419
Center: c              Context: likes           Probability: 0.025636          Loss: 3.663740
Center: eleanor        Context: likes           Probability: 0.025639          Loss: 3.663651
Center: eleanor        Context: c               Probability: 0.025641          Loss: 3.663544
Center: eleanor        Context: likes           Probability: 0.025639          Loss: 3.663651
Center: eleanor        Context: operating       Probability: 0.025650          Loss: 3.663214
Center: likes          Context: c               Probability: 0.025628          Loss: 3.664050
Center: likes          Context: eleanor         Probability: 0.025650          Loss: 3.663209
Center: likes          Context: operating       Probability: 0.025643          Loss: 3.663466
Center: likes          Context: systems         Probability: 0.025641          Loss: 3.663545
Center: operating      Context: eleanor         Probability: 0.025641          Loss: 3.663568
Center: operating      Context: likes           Probability: 0.025627          Loss: 3.664104
Center: operating      Context: systems         Probability: 0.025634          Loss: 3.663824
Center: operating      Context: linux           Probability: 0.025648          Loss: 3.663286
Center: systems        Context: likes           Probability: 0.025639          Loss: 3.663621
Center: systems        Context: operating       Probability: 0.025636          Loss: 3.663743
Center: systems        Context: linux           Probability: 0.025626          Loss: 3.664131
Center: systems        Context: is              Probability: 0.025647          Loss: 3.663329
Center: linux          Context: operating       Probability: 0.025652          Loss: 3.663149
Center: linux          Context: systems         Probability: 0.025649          Loss: 3.663256
Center: linux          Context: is              Probability: 0.025645          Loss: 3.663391
Center: linux          Context: powerful        Probability: 0.025639          Loss: 3.663621
Center: is             Context: systems         Probability: 0.025651          Loss: 3.663152
Center: is             Context: linux           Probability: 0.025653          Loss: 3.663102
Center: is             Context: powerful        Probability: 0.025640          Loss: 3.663583
Center: is             Context: hello           Probability: 0.025647          Loss: 3.663339
Center: powerful       Context: linux           Probability: 0.025640          Loss: 3.663594
Center: powerful       Context: is              Probability: 0.025648          Loss: 3.663272
Center: powerful       Context: hello           Probability: 0.025646          Loss: 3.663356
Center: powerful       Context: world           Probability: 0.025628          Loss: 3.664064
Center: hello          Context: is              Probability: 0.025646          Loss: 3.663376
Center: hello          Context: powerful        Probability: 0.025640          Loss: 3.663605
Center: hello          Context: world           Probability: 0.025654          Loss: 3.663055
Center: hello          Context: from            Probability: 0.025637          Loss: 3.663719
Center: world          Context: powerful        Probability: 0.025639          Loss: 3.663642
Center: world          Context: hello           Probability: 0.025627          Loss: 3.664092
Center: world          Context: from            Probability: 0.025644          Loss: 3.663423
Center: world          Context: eleanor         Probability: 0.025640          Loss: 3.663596
Center: from           Context: hello           Probability: 0.025634          Loss: 3.663829
Center: from           Context: world           Probability: 0.025640          Loss: 3.663591
Center: from           Context: eleanor         Probability: 0.025632          Loss: 3.663902
Center: from           Context: eleanor         Probability: 0.025632          Loss: 3.663902
Center: eleanor        Context: world           Probability: 0.025633          Loss: 3.663870
Center: eleanor        Context: from            Probability: 0.025640          Loss: 3.663601
Center: eleanor        Context: eleanor         Probability: 0.025634          Loss: 3.663821
Center: eleanor        Context: loves           Probability: 0.025633          Loss: 3.663888
Center: eleanor        Context: from            Probability: 0.025640          Loss: 3.663601
Center: eleanor        Context: eleanor         Probability: 0.025634          Loss: 3.663821
Center: eleanor        Context: loves           Probability: 0.025633          Loss: 3.663888
Center: eleanor        Context: programming     Probability: 0.025647          Loss: 3.663342
Center: loves          Context: eleanor         Probability: 0.025660          Loss: 3.662828
Center: loves          Context: eleanor         Probability: 0.025660          Loss: 3.662828
Center: loves          Context: programming     Probability: 0.025641          Loss: 3.663540
Center: loves          Context: eleanor         Probability: 0.025660          Loss: 3.662828
Center: programming    Context: eleanor         Probability: 0.025636          Loss: 3.663767
Center: programming    Context: loves           Probability: 0.025633          Loss: 3.663860
Center: programming    Context: eleanor         Probability: 0.025636          Loss: 3.663767
Center: programming    Context: loves           Probability: 0.025633          Loss: 3.663860
Center: eleanor        Context: loves           Probability: 0.025633          Loss: 3.663888
Center: eleanor        Context: programming     Probability: 0.025647          Loss: 3.663342
Center: eleanor        Context: loves           Probability: 0.025633          Loss: 3.663888
Center: eleanor        Context: jaypee          Probability: 0.025646          Loss: 3.663350
Center: loves          Context: programming     Probability: 0.025641          Loss: 3.663540
Center: loves          Context: eleanor         Probability: 0.025660          Loss: 3.662828
Center: loves          Context: jaypee          Probability: 0.025631          Loss: 3.663930
Center: jaypee         Context: eleanor         Probability: 0.025638          Loss: 3.663664
Center: jaypee         Context: loves           Probability: 0.025646          Loss: 3.663360
Center: programming    Context: in              Probability: 0.025642          Loss: 3.663514
Center: programming    Context: c               Probability: 0.025646          Loss: 3.663345
Center: in             Context: programming     Probability: 0.025644          Loss: 3.663438
Center: in             Context: c               Probability: 0.025637          Loss: 3.663704
Center: in             Context: is              Probability: 0.025635          Loss: 3.663797
Center: c              Context: programming     Probability: 0.025645          Loss: 3.663408
Center: c              Context: in              Probability: 0.025638          Loss: 3.663660
Center: c              Context: is              Probability: 0.025646          Loss: 3.663375
Center: c              Context: enjoyable       Probability: 0.025640          Loss: 3.663590
Center: is             Context: in              Probability: 0.025650          Loss: 3.663196
Center: is             Context: c               Probability: 0.025654          Loss: 3.663054
Center: is             Context: enjoyable       Probability: 0.025638          Loss: 3.663682
Center: is             Context: linux           Probability: 0.025653          Loss: 3.663102
Center: enjoyable      Context: c               Probability: 0.025634          Loss: 3.663831
Center: enjoyable      Context: is              Probability: 0.025641          Loss: 3.663565
Center: enjoyable      Context: linux           Probability: 0.025642          Loss: 3.663505
Center: enjoyable      Context: and             Probability: 0.025654          Loss: 3.663068
Center: linux          Context: is              Probability: 0.025645          Loss: 3.663391
Center: linux          Context: enjoyable       Probability: 0.025627          Loss: 3.664086
Center: linux          Context: and             Probability: 0.025631          Loss: 3.663938
Center: linux          Context: c               Probability: 0.025647          Loss: 3.663323
Center: and            Context: enjoyable       Probability: 0.025642          Loss: 3.663512
Center: and            Context: linux           Probability: 0.025642          Loss: 3.663509
Center: and            Context: c               Probability: 0.025637          Loss: 3.663715
Center: and            Context: work            Probability: 0.025639          Loss: 3.663635
Center: c              Context: linux           Probability: 0.025634          Loss: 3.663838
Center: c              Context: and             Probability: 0.025648          Loss: 3.663286
Center: c              Context: work            Probability: 0.025636          Loss: 3.663749
Center: c              Context: well            Probability: 0.025642          Loss: 3.663528
Center: work           Context: and             Probability: 0.025636          Loss: 3.663754
Center: work           Context: c               Probability: 0.025643          Loss: 3.663496
Center: work           Context: well            Probability: 0.025638          Loss: 3.663665
Center: work           Context: together        Probability: 0.025642          Loss: 3.663512
Center: well           Context: c               Probability: 0.025653          Loss: 3.663090
Center: well           Context: work            Probability: 0.025646          Loss: 3.663373
Center: well           Context: together        Probability: 0.025637          Loss: 3.663724
Center: well           Context: artificial      Probability: 0.025644          Loss: 3.663455
Center: together       Context: work            Probability: 0.025641          Loss: 3.663555
Center: together       Context: well            Probability: 0.025642          Loss: 3.663500
Center: together       Context: artificial      Probability: 0.025642          Loss: 3.663502
Center: together       Context: intelligence    Probability: 0.025635          Loss: 3.663790
Center: artificial     Context: well            Probability: 0.025635          Loss: 3.663798
Center: artificial     Context: together        Probability: 0.025641          Loss: 3.663569
Center: artificial     Context: intelligence    Probability: 0.025633          Loss: 3.663874
Center: artificial     Context: needs           Probability: 0.025649          Loss: 3.663232
Center: intelligence   Context: together        Probability: 0.025639          Loss: 3.663639
Center: intelligence   Context: artificial      Probability: 0.025633          Loss: 3.663861
Center: intelligence   Context: needs           Probability: 0.025641          Loss: 3.663540
Center: intelligence   Context: data            Probability: 0.025644          Loss: 3.663441
Center: needs          Context: artificial      Probability: 0.025658          Loss: 3.662892
Center: needs          Context: intelligence    Probability: 0.025640          Loss: 3.663609
Center: needs          Context: data            Probability: 0.025641          Loss: 3.663556
Center: needs          Context: philia          Probability: 0.025642          Loss: 3.663537
Center: data           Context: intelligence    Probability: 0.025639          Loss: 3.663640
Center: data           Context: needs           Probability: 0.025649          Loss: 3.663237
Center: data           Context: philia          Probability: 0.025634          Loss: 3.663846
Center: data           Context: and             Probability: 0.025650          Loss: 3.663196
Center: philia         Context: needs           Probability: 0.025642          Loss: 3.663524
Center: philia         Context: data            Probability: 0.025650          Loss: 3.663201
Center: philia         Context: and             Probability: 0.025634          Loss: 3.663819
Center: philia         Context: eleanor         Probability: 0.025656          Loss: 3.662976
Center: and            Context: data            Probability: 0.025633          Loss: 3.663866
Center: and            Context: philia          Probability: 0.025636          Loss: 3.663749
Center: and            Context: eleanor         Probability: 0.025634          Loss: 3.663836
Center: and            Context: love            Probability: 0.025640          Loss: 3.663579
Center: eleanor        Context: philia          Probability: 0.025637          Loss: 3.663700
Center: eleanor        Context: and             Probability: 0.025652          Loss: 3.663147
Center: eleanor        Context: love            Probability: 0.025644          Loss: 3.663455
Center: eleanor        Context: programming     Probability: 0.025647          Loss: 3.663342
Center: love           Context: and             Probability: 0.025639          Loss: 3.663644
Center: love           Context: eleanor         Probability: 0.025636          Loss: 3.663744
Center: love           Context: programming     Probability: 0.025652          Loss: 3.663128
Center: programming    Context: eleanor         Probability: 0.025636          Loss: 3.663767
Center: programming    Context: love            Probability: 0.025640          Loss: 3.663588

